[debug] [2018-06-10T10:10:15.696Z] ----------------------------------------------------------------------
[debug] [2018-06-10T10:10:15.698Z] Command:       /usr/local/bin/node /usr/local/bin/firebase deploy
[debug] [2018-06-10T10:10:15.698Z] CLI Version:   3.18.6
[debug] [2018-06-10T10:10:15.698Z] Platform:      linux
[debug] [2018-06-10T10:10:15.698Z] Node Version:  v10.0.0
[debug] [2018-06-10T10:10:15.698Z] Time:          Sun Jun 10 2018 12:10:15 GMT+0200 (CEST)
[debug] [2018-06-10T10:10:15.698Z] ----------------------------------------------------------------------
[debug] 
[debug] [2018-06-10T10:10:15.705Z] > command requires scopes: ["email","openid","https://www.googleapis.com/auth/cloudplatformprojects.readonly","https://www.googleapis.com/auth/firebase","https://www.googleapis.com/auth/cloud-platform"]
[debug] [2018-06-10T10:10:15.705Z] > authorizing via signed-in user
[debug] [2018-06-10T10:10:15.706Z] > refreshing access token with scopes: ["email","https://www.googleapis.com/auth/cloud-platform","https://www.googleapis.com/auth/cloudplatformprojects.readonly","https://www.googleapis.com/auth/firebase","openid"]
[debug] [2018-06-10T10:10:15.707Z] >>> HTTP REQUEST POST https://www.googleapis.com/oauth2/v3/token  
 { refresh_token: '1/UMt1dttHupOR_71kdXusG4ckPQnXRo3GZkc-o3iMGVST-YDDtYf6BznlbN7oR9si',
  client_id: '563584335869-fgrhgmd47bqnekij5i8b5pr03ho849e6.apps.googleusercontent.com',
  client_secret: 'j9iVZfS8kkCEFUPaAeJV0sAi',
  grant_type: 'refresh_token',
  scope: 'email https://www.googleapis.com/auth/cloud-platform https://www.googleapis.com/auth/cloudplatformprojects.readonly https://www.googleapis.com/auth/firebase openid' } 
 Sun Jun 10 2018 12:10:15 GMT+0200 (CEST)
[debug] [2018-06-10T10:10:16.099Z] <<< HTTP RESPONSE 200
[debug] [2018-06-10T10:10:16.145Z] >>> HTTP REQUEST GET https://admin.firebase.com/v1/projects/node-socket-io-chat-3a649  
  
 Sun Jun 10 2018 12:10:16 GMT+0200 (CEST)
